<?xml version="1.0" encoding="UTF-8"?>
<!-- Generated by org.testng.reporters.JUnitReportReporter -->
<testsuite hostname="admin" failures="0" tests="1" name="Testcases.DashboardTest" time="18.576" errors="0" timestamp="14 Dec 2022 03:52:05 GMT" skipped="0">
  <testcase classname="Testcases.DashboardTest" name="License" time="18.576"/>
</testsuite> <!-- Testcases.DashboardTest -->
