<?xml version="1.0" encoding="UTF-8"?>
<!-- Generated by org.testng.reporters.JUnitReportReporter -->
<testsuite hostname="admin" failures="0" tests="1" name="Testcases.LoginTest" time="0.827" errors="0" timestamp="14 Dec 2022 03:52:05 GMT" skipped="0">
  <testcase classname="Testcases.LoginTest" name="Login" time="0.827"/>
</testsuite> <!-- Testcases.LoginTest -->
